g:\users\mandeep\downloads\sit153-arcadegamecode(1)\sit153-arcadegamecode\sit153-arcadegamecode\arcadegame\debug\vc120.pdb
g:\users\mandeep\downloads\sit153-arcadegamecode(1)\sit153-arcadegamecode\sit153-arcadegamecode\arcadegame\debug\vc120.idb
g:\users\mandeep\downloads\sit153-arcadegamecode(1)\sit153-arcadegamecode\sit153-arcadegamecode\arcadegame\debug\bullet.obj
g:\users\mandeep\downloads\sit153-arcadegamecode(1)\sit153-arcadegamecode\sit153-arcadegamecode\arcadegame\debug\enemy.obj
g:\users\mandeep\downloads\sit153-arcadegamecode(1)\sit153-arcadegamecode\sit153-arcadegamecode\arcadegame\debug\source.obj
g:\users\mandeep\downloads\sit153-arcadegamecode(1)\sit153-arcadegamecode\sit153-arcadegamecode\arcadegame\debug\source1.obj
g:\users\mandeep\downloads\sit153-arcadegamecode(1)\sit153-arcadegamecode\sit153-arcadegamecode\arcadegame\debug\derivedclasses.obj
g:\users\mandeep\downloads\sit153-arcadegamecode(1)\sit153-arcadegamecode\sit153-arcadegamecode\arcadegame\debug\baseclasses.obj
g:\users\mandeep\downloads\sit153-arcadegamecode(1)\sit153-arcadegamecode\sit153-arcadegamecode\arcadegame\debug\inputstate.obj
g:\users\mandeep\downloads\sit153-arcadegamecode(1)\sit153-arcadegamecode\sit153-arcadegamecode\arcadegame\debug\main.obj
g:\users\mandeep\downloads\sit153-arcadegamecode(1)\sit153-arcadegamecode\sit153-arcadegamecode\arcadegame\debug\player.obj
g:\users\mandeep\downloads\sit153-arcadegamecode(1)\sit153-arcadegamecode\sit153-arcadegamecode\arcadegame\debug\scene.obj
g:\users\mandeep\downloads\sit153-arcadegamecode(1)\sit153-arcadegamecode\sit153-arcadegamecode\arcadegame\debug\score.obj
g:\users\mandeep\downloads\sit153-arcadegamecode(1)\sit153-arcadegamecode\sit153-arcadegamecode\arcadegame\debug\wincanvas.obj
g:\users\mandeep\downloads\sit153-arcadegamecode(1)\sit153-arcadegamecode\sit153-arcadegamecode\arcadegame\debug\wintexture.obj
g:\users\mandeep\downloads\sit153-arcadegamecode(1)\sit153-arcadegamecode\sit153-arcadegamecode\debug\arcadegame.ilk
g:\users\mandeep\downloads\sit153-arcadegamecode(1)\sit153-arcadegamecode\sit153-arcadegamecode\debug\arcadegame.exe
g:\users\mandeep\downloads\sit153-arcadegamecode(1)\sit153-arcadegamecode\sit153-arcadegamecode\arcadegame\debug\arcadegame.exe.intermediate.manifest
g:\users\mandeep\downloads\sit153-arcadegamecode(1)\sit153-arcadegamecode\sit153-arcadegamecode\debug\arcadegame.pdb
g:\users\mandeep\downloads\sit153-arcadegamecode(1)\sit153-arcadegamecode\sit153-arcadegamecode\arcadegame\debug\arcadegame.exe.embed.manifest
g:\users\mandeep\downloads\sit153-arcadegamecode(1)\sit153-arcadegamecode\sit153-arcadegamecode\arcadegame\debug\arcadegame.exe.embed.manifest.res
g:\users\mandeep\downloads\sit153-arcadegamecode(1)\sit153-arcadegamecode\sit153-arcadegamecode\arcadegame\debug\arcadegame_manifest.rc
g:\users\mandeep\downloads\sit153-arcadegamecode(1)\sit153-arcadegamecode\sit153-arcadegamecode\arcadegame\debug\arcadegame.tlog\cl.command.1.tlog
g:\users\mandeep\downloads\sit153-arcadegamecode(1)\sit153-arcadegamecode\sit153-arcadegamecode\arcadegame\debug\arcadegame.tlog\cl.read.1.tlog
g:\users\mandeep\downloads\sit153-arcadegamecode(1)\sit153-arcadegamecode\sit153-arcadegamecode\arcadegame\debug\arcadegame.tlog\cl.write.1.tlog
g:\users\mandeep\downloads\sit153-arcadegamecode(1)\sit153-arcadegamecode\sit153-arcadegamecode\arcadegame\debug\arcadegame.tlog\link.command.1.tlog
g:\users\mandeep\downloads\sit153-arcadegamecode(1)\sit153-arcadegamecode\sit153-arcadegamecode\arcadegame\debug\arcadegame.tlog\link.read.1.tlog
g:\users\mandeep\downloads\sit153-arcadegamecode(1)\sit153-arcadegamecode\sit153-arcadegamecode\arcadegame\debug\arcadegame.tlog\link.write.1.tlog
g:\users\mandeep\downloads\sit153-arcadegamecode(1)\sit153-arcadegamecode\sit153-arcadegamecode\arcadegame\debug\arcadegame.tlog\mt.command.1.tlog
g:\users\mandeep\downloads\sit153-arcadegamecode(1)\sit153-arcadegamecode\sit153-arcadegamecode\arcadegame\debug\arcadegame.tlog\mt.read.1.tlog
g:\users\mandeep\downloads\sit153-arcadegamecode(1)\sit153-arcadegamecode\sit153-arcadegamecode\arcadegame\debug\arcadegame.tlog\mt.write.1.tlog
g:\users\mandeep\downloads\sit153-arcadegamecode(1)\sit153-arcadegamecode\sit153-arcadegamecode\arcadegame\debug\arcadegame.tlog\rc.command.1.tlog
g:\users\mandeep\downloads\sit153-arcadegamecode(1)\sit153-arcadegamecode\sit153-arcadegamecode\arcadegame\debug\arcadegame.tlog\rc.read.1.tlog
g:\users\mandeep\downloads\sit153-arcadegamecode(1)\sit153-arcadegamecode\sit153-arcadegamecode\arcadegame\debug\arcadegame.tlog\rc.write.1.tlog
